<?xml version="1.0" encoding="UTF-8"?>
<testsuites name="ConsultarNomina" time="16.845" tests="2" failures="1" errors="1">
   <testsuite name="ConsultarNomina" tests="2" failures="1" errors="1" time="16.845" skipped="0" timestamp="2022-08-25 16:01:08" hostname="cenet - DESKTOP-4DPQOK0" id="Test Suites/miNomina_Mareigua/ConsultarNomina">
      <properties>
         <property name="deviceName" value=""/>
         <property name="devicePlatform" value=""/>
         <property name="logFolder" value="C:\\Cenet\\Cenet-Factura\\Mareigua\\miFactura_ws_Mareigua-25-08-2022\\Reports\\20220825_160054\\miNomina_Mareigua\\ConsultarNomina\\20220825_160054"/>
         <property name="logFiles" value="C:\\Cenet\\Cenet-Factura\\Mareigua\\miFactura_ws_Mareigua-25-08-2022\\Reports\\20220825_160054\\miNomina_Mareigua\\ConsultarNomina\\20220825_160054\\execution0.log"/>
         <property name="attachments" value=""/>
         <property name="hostName" value="cenet - DESKTOP-4DPQOK0"/>
         <property name="hostAddress" value="192.168.1.127"/>
         <property name="os" value="Windows 10 64bit"/>
         <property name="katalonVersion" value="8.3.0.208"/>
      </properties>
      <testcase name="Test Cases/Login_param" time="12.605" classname="Test Cases/Login_param" status="ERROR">
         <error type="ERROR" message="Test Cases/Login_param FAILED.
Reason:
java.lang.NullPointerException: Cannot invoke method setCellValue() on null object
	at almacena_datos_servicio.Val_mensaje_serv.guarda_salida_mensaje_serv_login(Val_mensaje_serv.groovy:98)
	at almacena_datos_servicio.Val_mensaje_serv.invokeMethod(Val_mensaje_serv.groovy)
	at com.kms.katalon.core.main.CustomKeywordDelegatingMetaClass.invokeStaticMethod(CustomKeywordDelegatingMetaClass.java:50)
	at Login_param.run(Login_param:39)
	at com.kms.katalon.core.main.ScriptEngine.run(ScriptEngine.java:194)
	at com.kms.katalon.core.main.ScriptEngine.runScriptAsRawText(ScriptEngine.java:119)
	at com.kms.katalon.core.main.TestCaseExecutor.runScript(TestCaseExecutor.java:445)
	at com.kms.katalon.core.main.TestCaseExecutor.doExecute(TestCaseExecutor.java:436)
	at com.kms.katalon.core.main.TestCaseExecutor.processExecutionPhase(TestCaseExecutor.java:415)
	at com.kms.katalon.core.main.TestCaseExecutor.accessMainPhase(TestCaseExecutor.java:407)
	at com.kms.katalon.core.main.TestCaseExecutor.execute(TestCaseExecutor.java:284)
	at com.kms.katalon.core.common.CommonExecutor.accessTestCaseMainPhase(CommonExecutor.java:65)
	at com.kms.katalon.core.main.TestSuiteExecutor.accessTestSuiteMainPhase(TestSuiteExecutor.java:144)
	at com.kms.katalon.core.main.TestSuiteExecutor.execute(TestSuiteExecutor.java:106)
	at com.kms.katalon.core.main.TestCaseMain.startTestSuite(TestCaseMain.java:185)
	at com.kms.katalon.core.main.TestCaseMain$startTestSuite$0.call(Unknown Source)
	at TempTestSuite1661461254609.run(TempTestSuite1661461254609.groovy:36)
"/>
         <system-out><![CDATA[2022-08-25 16:01:10 - [TEST_CASE][ERROR] - Test Cases/Login_param: Test Cases/Login_param FAILED.
Reason:
java.lang.NullPointerException: Cannot invoke method setCellValue() on null object
	at almacena_datos_servicio.Val_mensaje_serv.guarda_salida_mensaje_serv_login(Val_mensaje_serv.groovy:98)
	at almacena_datos_servicio.Val_mensaje_serv.invokeMethod(Val_mensaje_serv.groovy)
	at com.kms.katalon.core.main.CustomKeywordDelegatingMetaClass.invokeStaticMethod(CustomKeywordDelegatingMetaClass.java:50)
	at Login_param.run(Login_param:39)
	at com.kms.katalon.core.main.ScriptEngine.run(ScriptEngine.java:194)
	at com.kms.katalon.core.main.ScriptEngine.runScriptAsRawText(ScriptEngine.java:119)
	at com.kms.katalon.core.main.TestCaseExecutor.runScript(TestCaseExecutor.java:445)
	at com.kms.katalon.core.main.TestCaseExecutor.doExecute(TestCaseExecutor.java:436)
	at com.kms.katalon.core.main.TestCaseExecutor.processExecutionPhase(TestCaseExecutor.java:415)
	at com.kms.katalon.core.main.TestCaseExecutor.accessMainPhase(TestCaseExecutor.java:407)
	at com.kms.katalon.core.main.TestCaseExecutor.execute(TestCaseExecutor.java:284)
	at com.kms.katalon.core.common.CommonExecutor.accessTestCaseMainPhase(CommonExecutor.java:65)
	at com.kms.katalon.core.main.TestSuiteExecutor.accessTestSuiteMainPhase(TestSuiteExecutor.java:144)
	at com.kms.katalon.core.main.TestSuiteExecutor.execute(TestSuiteExecutor.java:106)
	at com.kms.katalon.core.main.TestCaseMain.startTestSuite(TestCaseMain.java:185)
	at com.kms.katalon.core.main.TestCaseMain$startTestSuite$0.call(Unknown Source)
	at TempTestSuite1661461254609.run(TempTestSuite1661461254609.groovy:36)


2022-08-25 16:01:11 - [TEST_STEP][PASSED] - regis = Integer.parseInt(registro): null

2022-08-25 16:01:13 - [TEST_STEP][PASSED] - response = sendRequestAndVerify(findTestObject("miNomina_Mareigua-ConsultarNomina/Login", ["Login":Login, "password":password])): Send request and verify the response successfully

2022-08-25 16:01:19 - [MESSAGE][INFO] - HAR: C:\Cenet\Cenet-Factura\Mareigua\miFactura_ws_Mareigua-25-08-2022\Reports\20220825_160054\miNomina_Mareigua\ConsultarNomina\20220825_160054\requests\main\0.har

2022-08-25 16:01:19 - [TEST_CASE][PASSED] - Start Test Case : Verification: Verification accomplished successfully

2022-08-25 16:01:20 - [TEST_STEP][PASSED] - request = getInstance().getCurrentRequest(): null

2022-08-25 16:01:20 - [TEST_STEP][PASSED] - response = getInstance().getCurrentResponse(): null

2022-08-25 16:01:20 - [MESSAGE][PASSED] - Verify response successfully

2022-08-25 16:01:20 - [MESSAGE][PASSED] - Send request and verify the response successfully

2022-08-25 16:01:20 - [TEST_STEP][PASSED] - val_time = response.getElapsedTime(): null

2022-08-25 16:01:20 - [TEST_STEP][PASSED] - status_login = response.getStatusCode(): null

2022-08-25 16:01:20 - [TEST_STEP][PASSED] - jsonString = response.getResponseText(): null

2022-08-25 16:01:20 - [TEST_STEP][PASSED] - slurper = new groovy.json.JsonSlurper(): null

2022-08-25 16:01:20 - [TEST_STEP][PASSED] - parsedJson = slurper.parseText(jsonString): null

2022-08-25 16:01:20 - [TEST_STEP][PASSED] - nom_func = "val_login": null

2022-08-25 16:01:20 - [TEST_STEP][PASSED] - almacena_datos_servicio.Val_mensaje_serv.valida_mensaje_serv_login(parsedJson, type, ValidationMessage): Exitoso

2022-08-25 16:01:20 - [MESSAGE][PASSED] - Exitoso

2022-08-25 16:01:20 - [TEST_STEP][ERROR] - almacena_datos_servicio.Val_mensaje_serv.guarda_salida_mensaje_serv_login(): Test Cases/Login_param FAILED.
Reason:
com.kms.katalon.core.exception.StepErrorException: java.lang.NullPointerException: Cannot invoke method setCellValue() on null object
	at com.kms.katalon.core.main.CustomKeywordDelegatingMetaClass.throwError(CustomKeywordDelegatingMetaClass.java:96)
	at com.kms.katalon.core.main.CustomKeywordDelegatingMetaClass.invokeStaticMethod(CustomKeywordDelegatingMetaClass.java:68)
	at Login_param.run(Login_param:39)
	at com.kms.katalon.core.main.ScriptEngine.run(ScriptEngine.java:194)
	at com.kms.katalon.core.main.ScriptEngine.runScriptAsRawText(ScriptEngine.java:119)
	at com.kms.katalon.core.main.TestCaseExecutor.runScript(TestCaseExecutor.java:445)
	at com.kms.katalon.core.main.TestCaseExecutor.doExecute(TestCaseExecutor.java:436)
	at com.kms.katalon.core.main.TestCaseExecutor.processExecutionPhase(TestCaseExecutor.java:415)
	at com.kms.katalon.core.main.TestCaseExecutor.accessMainPhase(TestCaseExecutor.java:407)
	at com.kms.katalon.core.main.TestCaseExecutor.execute(TestCaseExecutor.java:284)
	at com.kms.katalon.core.common.CommonExecutor.accessTestCaseMainPhase(CommonExecutor.java:65)
	at com.kms.katalon.core.main.TestSuiteExecutor.accessTestSuiteMainPhase(TestSuiteExecutor.java:144)
	at com.kms.katalon.core.main.TestSuiteExecutor.execute(TestSuiteExecutor.java:106)
	at com.kms.katalon.core.main.TestCaseMain.startTestSuite(TestCaseMain.java:185)
	at com.kms.katalon.core.main.TestCaseMain$startTestSuite$0.call(Unknown Source)
	at TempTestSuite1661461254609.run(TempTestSuite1661461254609.groovy:36)
Caused by: java.lang.NullPointerException: Cannot invoke method setCellValue() on null object
	at almacena_datos_servicio.Val_mensaje_serv.guarda_salida_mensaje_serv_login(Val_mensaje_serv.groovy:98)
	at almacena_datos_servicio.Val_mensaje_serv.invokeMethod(Val_mensaje_serv.groovy)
	at com.kms.katalon.core.main.CustomKeywordDelegatingMetaClass.invokeStaticMethod(CustomKeywordDelegatingMetaClass.java:50)
	... 14 more


2022-08-25 16:01:22 - [MESSAGE][ERROR] - Cannot invoke method setCellValue() on null object

2022-08-25 16:01:22 - [MESSAGE][ERROR] - Test Cases/Login_param FAILED.
Reason:
com.kms.katalon.core.exception.StepErrorException: java.lang.NullPointerException: Cannot invoke method setCellValue() on null object
	at com.kms.katalon.core.main.CustomKeywordDelegatingMetaClass.throwError(CustomKeywordDelegatingMetaClass.java:96)
	at com.kms.katalon.core.main.CustomKeywordDelegatingMetaClass.invokeStaticMethod(CustomKeywordDelegatingMetaClass.java:68)
	at Login_param.run(Login_param:39)
	at com.kms.katalon.core.main.ScriptEngine.run(ScriptEngine.java:194)
	at com.kms.katalon.core.main.ScriptEngine.runScriptAsRawText(ScriptEngine.java:119)
	at com.kms.katalon.core.main.TestCaseExecutor.runScript(TestCaseExecutor.java:445)
	at com.kms.katalon.core.main.TestCaseExecutor.doExecute(TestCaseExecutor.java:436)
	at com.kms.katalon.core.main.TestCaseExecutor.processExecutionPhase(TestCaseExecutor.java:415)
	at com.kms.katalon.core.main.TestCaseExecutor.accessMainPhase(TestCaseExecutor.java:407)
	at com.kms.katalon.core.main.TestCaseExecutor.execute(TestCaseExecutor.java:284)
	at com.kms.katalon.core.common.CommonExecutor.accessTestCaseMainPhase(CommonExecutor.java:65)
	at com.kms.katalon.core.main.TestSuiteExecutor.accessTestSuiteMainPhase(TestSuiteExecutor.java:144)
	at com.kms.katalon.core.main.TestSuiteExecutor.execute(TestSuiteExecutor.java:106)
	at com.kms.katalon.core.main.TestCaseMain.startTestSuite(TestCaseMain.java:185)
	at com.kms.katalon.core.main.TestCaseMain$startTestSuite$0.call(Unknown Source)
	at TempTestSuite1661461254609.run(TempTestSuite1661461254609.groovy:36)
Caused by: java.lang.NullPointerException: Cannot invoke method setCellValue() on null object
	at almacena_datos_servicio.Val_mensaje_serv.guarda_salida_mensaje_serv_login(Val_mensaje_serv.groovy:98)
	at almacena_datos_servicio.Val_mensaje_serv.invokeMethod(Val_mensaje_serv.groovy)
	at com.kms.katalon.core.main.CustomKeywordDelegatingMetaClass.invokeStaticMethod(CustomKeywordDelegatingMetaClass.java:50)
	... 14 more]]></system-out>
         <system-err><![CDATA[2022-08-25 16:01:10 - [TEST_CASE][ERROR] - Test Cases/Login_param: Test Cases/Login_param FAILED.
Reason:
java.lang.NullPointerException: Cannot invoke method setCellValue() on null object
	at almacena_datos_servicio.Val_mensaje_serv.guarda_salida_mensaje_serv_login(Val_mensaje_serv.groovy:98)
	at almacena_datos_servicio.Val_mensaje_serv.invokeMethod(Val_mensaje_serv.groovy)
	at com.kms.katalon.core.main.CustomKeywordDelegatingMetaClass.invokeStaticMethod(CustomKeywordDelegatingMetaClass.java:50)
	at Login_param.run(Login_param:39)
	at com.kms.katalon.core.main.ScriptEngine.run(ScriptEngine.java:194)
	at com.kms.katalon.core.main.ScriptEngine.runScriptAsRawText(ScriptEngine.java:119)
	at com.kms.katalon.core.main.TestCaseExecutor.runScript(TestCaseExecutor.java:445)
	at com.kms.katalon.core.main.TestCaseExecutor.doExecute(TestCaseExecutor.java:436)
	at com.kms.katalon.core.main.TestCaseExecutor.processExecutionPhase(TestCaseExecutor.java:415)
	at com.kms.katalon.core.main.TestCaseExecutor.accessMainPhase(TestCaseExecutor.java:407)
	at com.kms.katalon.core.main.TestCaseExecutor.execute(TestCaseExecutor.java:284)
	at com.kms.katalon.core.common.CommonExecutor.accessTestCaseMainPhase(CommonExecutor.java:65)
	at com.kms.katalon.core.main.TestSuiteExecutor.accessTestSuiteMainPhase(TestSuiteExecutor.java:144)
	at com.kms.katalon.core.main.TestSuiteExecutor.execute(TestSuiteExecutor.java:106)
	at com.kms.katalon.core.main.TestCaseMain.startTestSuite(TestCaseMain.java:185)
	at com.kms.katalon.core.main.TestCaseMain$startTestSuite$0.call(Unknown Source)
	at TempTestSuite1661461254609.run(TempTestSuite1661461254609.groovy:36)]]></system-err>
      </testcase>
      <testcase name="Test Cases/Login_param" time="2.17" classname="Test Cases/Login_param" status="FAILED">
         <failure type="FAILED" message="Test Cases/Login_param FAILED.
Reason:
com.kms.katalon.core.exception.StepFailedException: Fallido -->  Valor (Type ó ValidationMessage) NO corresponde
	at com.kms.katalon.core.util.KeywordUtil.markFailed(KeywordUtil.java:19)
	at com.kms.katalon.core.util.KeywordUtil$markFailed$0.call(Unknown Source)
	at almacena_datos_servicio.Val_mensaje_serv.valida_mensaje_serv_login(Val_mensaje_serv.groovy:40)
	at almacena_datos_servicio.Val_mensaje_serv.invokeMethod(Val_mensaje_serv.groovy)
	at com.kms.katalon.core.main.CustomKeywordDelegatingMetaClass.invokeStaticMethod(CustomKeywordDelegatingMetaClass.java:50)
	at Login_param.run(Login_param:37)
	at com.kms.katalon.core.main.ScriptEngine.run(ScriptEngine.java:194)
	at com.kms.katalon.core.main.ScriptEngine.runScriptAsRawText(ScriptEngine.java:119)
	at com.kms.katalon.core.main.TestCaseExecutor.runScript(TestCaseExecutor.java:445)
	at com.kms.katalon.core.main.TestCaseExecutor.doExecute(TestCaseExecutor.java:436)
	at com.kms.katalon.core.main.TestCaseExecutor.processExecutionPhase(TestCaseExecutor.java:415)
	at com.kms.katalon.core.main.TestCaseExecutor.accessMainPhase(TestCaseExecutor.java:407)
	at com.kms.katalon.core.main.TestCaseExecutor.execute(TestCaseExecutor.java:284)
	at com.kms.katalon.core.common.CommonExecutor.accessTestCaseMainPhase(CommonExecutor.java:65)
	at com.kms.katalon.core.main.TestSuiteExecutor.accessTestSuiteMainPhase(TestSuiteExecutor.java:144)
	at com.kms.katalon.core.main.TestSuiteExecutor.execute(TestSuiteExecutor.java:106)
	at com.kms.katalon.core.main.TestCaseMain.startTestSuite(TestCaseMain.java:185)
	at com.kms.katalon.core.main.TestCaseMain$startTestSuite$0.call(Unknown Source)
	at TempTestSuite1661461254609.run(TempTestSuite1661461254609.groovy:36)
"/>
         <system-out><![CDATA[2022-08-25 16:01:23 - [TEST_CASE][FAILED] - Test Cases/Login_param: Test Cases/Login_param FAILED.
Reason:
com.kms.katalon.core.exception.StepFailedException: Fallido -->  Valor (Type ó ValidationMessage) NO corresponde
	at com.kms.katalon.core.util.KeywordUtil.markFailed(KeywordUtil.java:19)
	at com.kms.katalon.core.util.KeywordUtil$markFailed$0.call(Unknown Source)
	at almacena_datos_servicio.Val_mensaje_serv.valida_mensaje_serv_login(Val_mensaje_serv.groovy:40)
	at almacena_datos_servicio.Val_mensaje_serv.invokeMethod(Val_mensaje_serv.groovy)
	at com.kms.katalon.core.main.CustomKeywordDelegatingMetaClass.invokeStaticMethod(CustomKeywordDelegatingMetaClass.java:50)
	at Login_param.run(Login_param:37)
	at com.kms.katalon.core.main.ScriptEngine.run(ScriptEngine.java:194)
	at com.kms.katalon.core.main.ScriptEngine.runScriptAsRawText(ScriptEngine.java:119)
	at com.kms.katalon.core.main.TestCaseExecutor.runScript(TestCaseExecutor.java:445)
	at com.kms.katalon.core.main.TestCaseExecutor.doExecute(TestCaseExecutor.java:436)
	at com.kms.katalon.core.main.TestCaseExecutor.processExecutionPhase(TestCaseExecutor.java:415)
	at com.kms.katalon.core.main.TestCaseExecutor.accessMainPhase(TestCaseExecutor.java:407)
	at com.kms.katalon.core.main.TestCaseExecutor.execute(TestCaseExecutor.java:284)
	at com.kms.katalon.core.common.CommonExecutor.accessTestCaseMainPhase(CommonExecutor.java:65)
	at com.kms.katalon.core.main.TestSuiteExecutor.accessTestSuiteMainPhase(TestSuiteExecutor.java:144)
	at com.kms.katalon.core.main.TestSuiteExecutor.execute(TestSuiteExecutor.java:106)
	at com.kms.katalon.core.main.TestCaseMain.startTestSuite(TestCaseMain.java:185)
	at com.kms.katalon.core.main.TestCaseMain$startTestSuite$0.call(Unknown Source)
	at TempTestSuite1661461254609.run(TempTestSuite1661461254609.groovy:36)


2022-08-25 16:01:23 - [TEST_STEP][PASSED] - regis = Integer.parseInt(registro): null

2022-08-25 16:01:23 - [TEST_STEP][PASSED] - response = sendRequestAndVerify(findTestObject("miNomina_Mareigua-ConsultarNomina/Login", ["Login":Login, "password":password])): Send request and verify the response successfully

2022-08-25 16:01:24 - [MESSAGE][INFO] - HAR: C:\Cenet\Cenet-Factura\Mareigua\miFactura_ws_Mareigua-25-08-2022\Reports\20220825_160054\miNomina_Mareigua\ConsultarNomina\20220825_160054\requests\main\1.har

2022-08-25 16:01:24 - [TEST_CASE][PASSED] - Start Test Case : Verification: Verification accomplished successfully

2022-08-25 16:01:24 - [TEST_STEP][PASSED] - request = getInstance().getCurrentRequest(): null

2022-08-25 16:01:24 - [TEST_STEP][PASSED] - response = getInstance().getCurrentResponse(): null

2022-08-25 16:01:24 - [MESSAGE][PASSED] - Verify response successfully

2022-08-25 16:01:24 - [MESSAGE][PASSED] - Send request and verify the response successfully

2022-08-25 16:01:24 - [TEST_STEP][PASSED] - val_time = response.getElapsedTime(): null

2022-08-25 16:01:24 - [TEST_STEP][PASSED] - status_login = response.getStatusCode(): null

2022-08-25 16:01:24 - [TEST_STEP][PASSED] - jsonString = response.getResponseText(): null

2022-08-25 16:01:24 - [TEST_STEP][PASSED] - slurper = new groovy.json.JsonSlurper(): null

2022-08-25 16:01:24 - [TEST_STEP][PASSED] - parsedJson = slurper.parseText(jsonString): null

2022-08-25 16:01:24 - [TEST_STEP][PASSED] - nom_func = "val_login": null

2022-08-25 16:01:24 - [TEST_STEP][FAILED] - almacena_datos_servicio.Val_mensaje_serv.valida_mensaje_serv_login(parsedJson, type, ValidationMessage): com.kms.katalon.core.exception.StepFailedException: Fallido -->  Valor (Type ó ValidationMessage) NO corresponde

2022-08-25 16:01:24 - [MESSAGE][FAILED] - Fallido -->  Valor (Type ó ValidationMessage) NO corresponde

2022-08-25 16:01:24 - [MESSAGE][FAILED] - com.kms.katalon.core.exception.StepFailedException: Fallido -->  Valor (Type ó ValidationMessage) NO corresponde

2022-08-25 16:01:24 - [TEST_STEP][ERROR] - almacena_datos_servicio.Val_mensaje_serv.guarda_salida_mensaje_serv_login(): Test Cases/Login_param FAILED.
Reason:
com.kms.katalon.core.exception.StepErrorException: java.lang.NullPointerException: Cannot invoke method setCellValue() on null object
	at com.kms.katalon.core.main.CustomKeywordDelegatingMetaClass.throwError(CustomKeywordDelegatingMetaClass.java:96)
	at com.kms.katalon.core.main.CustomKeywordDelegatingMetaClass.invokeStaticMethod(CustomKeywordDelegatingMetaClass.java:68)
	at Login_param.run(Login_param:39)
	at com.kms.katalon.core.main.ScriptEngine.run(ScriptEngine.java:194)
	at com.kms.katalon.core.main.ScriptEngine.runScriptAsRawText(ScriptEngine.java:119)
	at com.kms.katalon.core.main.TestCaseExecutor.runScript(TestCaseExecutor.java:445)
	at com.kms.katalon.core.main.TestCaseExecutor.doExecute(TestCaseExecutor.java:436)
	at com.kms.katalon.core.main.TestCaseExecutor.processExecutionPhase(TestCaseExecutor.java:415)
	at com.kms.katalon.core.main.TestCaseExecutor.accessMainPhase(TestCaseExecutor.java:407)
	at com.kms.katalon.core.main.TestCaseExecutor.execute(TestCaseExecutor.java:284)
	at com.kms.katalon.core.common.CommonExecutor.accessTestCaseMainPhase(CommonExecutor.java:65)
	at com.kms.katalon.core.main.TestSuiteExecutor.accessTestSuiteMainPhase(TestSuiteExecutor.java:144)
	at com.kms.katalon.core.main.TestSuiteExecutor.execute(TestSuiteExecutor.java:106)
	at com.kms.katalon.core.main.TestCaseMain.startTestSuite(TestCaseMain.java:185)
	at com.kms.katalon.core.main.TestCaseMain$startTestSuite$0.call(Unknown Source)
	at TempTestSuite1661461254609.run(TempTestSuite1661461254609.groovy:36)
Caused by: java.lang.NullPointerException: Cannot invoke method setCellValue() on null object
	at almacena_datos_servicio.Val_mensaje_serv.guarda_salida_mensaje_serv_login(Val_mensaje_serv.groovy:98)
	at almacena_datos_servicio.Val_mensaje_serv.invokeMethod(Val_mensaje_serv.groovy)
	at com.kms.katalon.core.main.CustomKeywordDelegatingMetaClass.invokeStaticMethod(CustomKeywordDelegatingMetaClass.java:50)
	... 14 more


2022-08-25 16:01:25 - [MESSAGE][ERROR] - Cannot invoke method setCellValue() on null object

2022-08-25 16:01:25 - [MESSAGE][ERROR] - Test Cases/Login_param FAILED.
Reason:
com.kms.katalon.core.exception.StepErrorException: java.lang.NullPointerException: Cannot invoke method setCellValue() on null object
	at com.kms.katalon.core.main.CustomKeywordDelegatingMetaClass.throwError(CustomKeywordDelegatingMetaClass.java:96)
	at com.kms.katalon.core.main.CustomKeywordDelegatingMetaClass.invokeStaticMethod(CustomKeywordDelegatingMetaClass.java:68)
	at Login_param.run(Login_param:39)
	at com.kms.katalon.core.main.ScriptEngine.run(ScriptEngine.java:194)
	at com.kms.katalon.core.main.ScriptEngine.runScriptAsRawText(ScriptEngine.java:119)
	at com.kms.katalon.core.main.TestCaseExecutor.runScript(TestCaseExecutor.java:445)
	at com.kms.katalon.core.main.TestCaseExecutor.doExecute(TestCaseExecutor.java:436)
	at com.kms.katalon.core.main.TestCaseExecutor.processExecutionPhase(TestCaseExecutor.java:415)
	at com.kms.katalon.core.main.TestCaseExecutor.accessMainPhase(TestCaseExecutor.java:407)
	at com.kms.katalon.core.main.TestCaseExecutor.execute(TestCaseExecutor.java:284)
	at com.kms.katalon.core.common.CommonExecutor.accessTestCaseMainPhase(CommonExecutor.java:65)
	at com.kms.katalon.core.main.TestSuiteExecutor.accessTestSuiteMainPhase(TestSuiteExecutor.java:144)
	at com.kms.katalon.core.main.TestSuiteExecutor.execute(TestSuiteExecutor.java:106)
	at com.kms.katalon.core.main.TestCaseMain.startTestSuite(TestCaseMain.java:185)
	at com.kms.katalon.core.main.TestCaseMain$startTestSuite$0.call(Unknown Source)
	at TempTestSuite1661461254609.run(TempTestSuite1661461254609.groovy:36)
Caused by: java.lang.NullPointerException: Cannot invoke method setCellValue() on null object
	at almacena_datos_servicio.Val_mensaje_serv.guarda_salida_mensaje_serv_login(Val_mensaje_serv.groovy:98)
	at almacena_datos_servicio.Val_mensaje_serv.invokeMethod(Val_mensaje_serv.groovy)
	at com.kms.katalon.core.main.CustomKeywordDelegatingMetaClass.invokeStaticMethod(CustomKeywordDelegatingMetaClass.java:50)
	... 14 more]]></system-out>
         <system-err><![CDATA[2022-08-25 16:01:23 - [TEST_CASE][FAILED] - Test Cases/Login_param: Test Cases/Login_param FAILED.
Reason:
com.kms.katalon.core.exception.StepFailedException: Fallido -->  Valor (Type ó ValidationMessage) NO corresponde
	at com.kms.katalon.core.util.KeywordUtil.markFailed(KeywordUtil.java:19)
	at com.kms.katalon.core.util.KeywordUtil$markFailed$0.call(Unknown Source)
	at almacena_datos_servicio.Val_mensaje_serv.valida_mensaje_serv_login(Val_mensaje_serv.groovy:40)
	at almacena_datos_servicio.Val_mensaje_serv.invokeMethod(Val_mensaje_serv.groovy)
	at com.kms.katalon.core.main.CustomKeywordDelegatingMetaClass.invokeStaticMethod(CustomKeywordDelegatingMetaClass.java:50)
	at Login_param.run(Login_param:37)
	at com.kms.katalon.core.main.ScriptEngine.run(ScriptEngine.java:194)
	at com.kms.katalon.core.main.ScriptEngine.runScriptAsRawText(ScriptEngine.java:119)
	at com.kms.katalon.core.main.TestCaseExecutor.runScript(TestCaseExecutor.java:445)
	at com.kms.katalon.core.main.TestCaseExecutor.doExecute(TestCaseExecutor.java:436)
	at com.kms.katalon.core.main.TestCaseExecutor.processExecutionPhase(TestCaseExecutor.java:415)
	at com.kms.katalon.core.main.TestCaseExecutor.accessMainPhase(TestCaseExecutor.java:407)
	at com.kms.katalon.core.main.TestCaseExecutor.execute(TestCaseExecutor.java:284)
	at com.kms.katalon.core.common.CommonExecutor.accessTestCaseMainPhase(CommonExecutor.java:65)
	at com.kms.katalon.core.main.TestSuiteExecutor.accessTestSuiteMainPhase(TestSuiteExecutor.java:144)
	at com.kms.katalon.core.main.TestSuiteExecutor.execute(TestSuiteExecutor.java:106)
	at com.kms.katalon.core.main.TestCaseMain.startTestSuite(TestCaseMain.java:185)
	at com.kms.katalon.core.main.TestCaseMain$startTestSuite$0.call(Unknown Source)
	at TempTestSuite1661461254609.run(TempTestSuite1661461254609.groovy:36)]]></system-err>
      </testcase>
      <system-out><![CDATA[2022-08-25 16:01:08 - [TEST_SUITE][ERROR] - ConsultarNomina: Test Cases/Login_param FAILED.
Reason:
java.lang.NullPointerException: Cannot invoke method setCellValue() on null object
	at almacena_datos_servicio.Val_mensaje_serv.guarda_salida_mensaje_serv_login(Val_mensaje_serv.groovy:98)
	at almacena_datos_servicio.Val_mensaje_serv.invokeMethod(Val_mensaje_serv.groovy)
	at com.kms.katalon.core.main.CustomKeywordDelegatingMetaClass.invokeStaticMethod(CustomKeywordDelegatingMetaClass.java:50)
	at Login_param.run(Login_param:39)
	at com.kms.katalon.core.main.ScriptEngine.run(ScriptEngine.java:194)
	at com.kms.katalon.core.main.ScriptEngine.runScriptAsRawText(ScriptEngine.java:119)
	at com.kms.katalon.core.main.TestCaseExecutor.runScript(TestCaseExecutor.java:445)
	at com.kms.katalon.core.main.TestCaseExecutor.doExecute(TestCaseExecutor.java:436)
	at com.kms.katalon.core.main.TestCaseExecutor.processExecutionPhase(TestCaseExecutor.java:415)
	at com.kms.katalon.core.main.TestCaseExecutor.accessMainPhase(TestCaseExecutor.java:407)
	at com.kms.katalon.core.main.TestCaseExecutor.execute(TestCaseExecutor.java:284)
	at com.kms.katalon.core.common.CommonExecutor.accessTestCaseMainPhase(CommonExecutor.java:65)
	at com.kms.katalon.core.main.TestSuiteExecutor.accessTestSuiteMainPhase(TestSuiteExecutor.java:144)
	at com.kms.katalon.core.main.TestSuiteExecutor.execute(TestSuiteExecutor.java:106)
	at com.kms.katalon.core.main.TestCaseMain.startTestSuite(TestCaseMain.java:185)
	at com.kms.katalon.core.main.TestCaseMain$startTestSuite$0.call(Unknown Source)
	at TempTestSuite1661461254609.run(TempTestSuite1661461254609.groovy:36)]]></system-out>
      <system-err><![CDATA[2022-08-25 16:01:08 - [TEST_SUITE][ERROR] - ConsultarNomina: Test Cases/Login_param FAILED.
Reason:
java.lang.NullPointerException: Cannot invoke method setCellValue() on null object
	at almacena_datos_servicio.Val_mensaje_serv.guarda_salida_mensaje_serv_login(Val_mensaje_serv.groovy:98)
	at almacena_datos_servicio.Val_mensaje_serv.invokeMethod(Val_mensaje_serv.groovy)
	at com.kms.katalon.core.main.CustomKeywordDelegatingMetaClass.invokeStaticMethod(CustomKeywordDelegatingMetaClass.java:50)
	at Login_param.run(Login_param:39)
	at com.kms.katalon.core.main.ScriptEngine.run(ScriptEngine.java:194)
	at com.kms.katalon.core.main.ScriptEngine.runScriptAsRawText(ScriptEngine.java:119)
	at com.kms.katalon.core.main.TestCaseExecutor.runScript(TestCaseExecutor.java:445)
	at com.kms.katalon.core.main.TestCaseExecutor.doExecute(TestCaseExecutor.java:436)
	at com.kms.katalon.core.main.TestCaseExecutor.processExecutionPhase(TestCaseExecutor.java:415)
	at com.kms.katalon.core.main.TestCaseExecutor.accessMainPhase(TestCaseExecutor.java:407)
	at com.kms.katalon.core.main.TestCaseExecutor.execute(TestCaseExecutor.java:284)
	at com.kms.katalon.core.common.CommonExecutor.accessTestCaseMainPhase(CommonExecutor.java:65)
	at com.kms.katalon.core.main.TestSuiteExecutor.accessTestSuiteMainPhase(TestSuiteExecutor.java:144)
	at com.kms.katalon.core.main.TestSuiteExecutor.execute(TestSuiteExecutor.java:106)
	at com.kms.katalon.core.main.TestCaseMain.startTestSuite(TestCaseMain.java:185)
	at com.kms.katalon.core.main.TestCaseMain$startTestSuite$0.call(Unknown Source)
	at TempTestSuite1661461254609.run(TempTestSuite1661461254609.groovy:36)]]></system-err>
   </testsuite>
</testsuites>
